Performing C SOURCE FILE Test CMAKE_HAVE_LIBC_PTHREAD failed with the following output:
Change Dir: /home/joyce/workplace/rm/2022/KCf/build/CMakeFiles/CMakeTmp

Run Build Command(s):/usr/bin/make cmTC_765e5/fast && /usr/bin/make -f CMakeFiles/cmTC_765e5.dir/build.make CMakeFiles/cmTC_765e5.dir/build
make[1]: 进入目录“/home/joyce/workplace/rm/2022/KCf/build/CMakeFiles/CMakeTmp”
Building C object CMakeFiles/cmTC_765e5.dir/src.c.o
/usr/bin/cc   -fPIC -DCMAKE_HAVE_LIBC_PTHREAD   -o CMakeFiles/cmTC_765e5.dir/src.c.o   -c /home/joyce/workplace/rm/2022/KCf/build/CMakeFiles/CMakeTmp/src.c
Linking C executable cmTC_765e5
/usr/bin/cmake -E cmake_link_script CMakeFiles/cmTC_765e5.dir/link.txt --verbose=1
/usr/bin/cc -fPIC -DCMAKE_HAVE_LIBC_PTHREAD    CMakeFiles/cmTC_765e5.dir/src.c.o  -o cmTC_765e5 
/usr/bin/ld: CMakeFiles/cmTC_765e5.dir/src.c.o: in function `main':
src.c:(.text+0x46): undefined reference to `pthread_create'
/usr/bin/ld: src.c:(.text+0x52): undefined reference to `pthread_detach'
/usr/bin/ld: src.c:(.text+0x63): undefined reference to `pthread_join'
collect2: error: ld returned 1 exit status
make[1]: *** [CMakeFiles/cmTC_765e5.dir/build.make:87：cmTC_765e5] 错误 1
make[1]: 离开目录“/home/joyce/workplace/rm/2022/KCf/build/CMakeFiles/CMakeTmp”
make: *** [Makefile:121：cmTC_765e5/fast] 错误 2


Source file was:
#include <pthread.h>

void* test_func(void* data)
{
  return data;
}

int main(void)
{
  pthread_t thread;
  pthread_create(&thread, NULL, test_func, NULL);
  pthread_detach(thread);
  pthread_join(thread, NULL);
  pthread_atfork(NULL, NULL, NULL);
  pthread_exit(NULL);

  return 0;
}

Determining if the function pthread_create exists in the pthreads failed with the following output:
Change Dir: /home/joyce/workplace/rm/2022/KCf/build/CMakeFiles/CMakeTmp

Run Build Command(s):/usr/bin/make cmTC_9a593/fast && /usr/bin/make -f CMakeFiles/cmTC_9a593.dir/build.make CMakeFiles/cmTC_9a593.dir/build
make[1]: 进入目录“/home/joyce/workplace/rm/2022/KCf/build/CMakeFiles/CMakeTmp”
Building C object CMakeFiles/cmTC_9a593.dir/CheckFunctionExists.c.o
/usr/bin/cc   -fPIC -DCHECK_FUNCTION_EXISTS=pthread_create   -o CMakeFiles/cmTC_9a593.dir/CheckFunctionExists.c.o   -c /usr/share/cmake-3.16/Modules/CheckFunctionExists.c
Linking C executable cmTC_9a593
/usr/bin/cmake -E cmake_link_script CMakeFiles/cmTC_9a593.dir/link.txt --verbose=1
/usr/bin/cc -fPIC -DCHECK_FUNCTION_EXISTS=pthread_create    CMakeFiles/cmTC_9a593.dir/CheckFunctionExists.c.o  -o cmTC_9a593  -lpthreads 
/usr/bin/ld: 找不到 -lpthreads
collect2: error: ld returned 1 exit status
make[1]: *** [CMakeFiles/cmTC_9a593.dir/build.make:87：cmTC_9a593] 错误 1
make[1]: 离开目录“/home/joyce/workplace/rm/2022/KCf/build/CMakeFiles/CMakeTmp”
make: *** [Makefile:121：cmTC_9a593/fast] 错误 2



Performing C SOURCE FILE Test CMAKE_HAVE_LIBC_PTHREAD failed with the following output:
Change Dir: /home/joyce/workplace/rm/2022/KCf/build/CMakeFiles/CMakeTmp

Run Build Command(s):/usr/bin/ninja cmTC_46b5e && [1/2] Building C object CMakeFiles/cmTC_46b5e.dir/src.c.o
[2/2] Linking C executable cmTC_46b5e
FAILED: cmTC_46b5e 
: && /bin/x86_64-linux-gnu-gcc-9 -fPIC -DCMAKE_HAVE_LIBC_PTHREAD   CMakeFiles/cmTC_46b5e.dir/src.c.o  -o cmTC_46b5e   && :
/usr/bin/ld: CMakeFiles/cmTC_46b5e.dir/src.c.o: in function `main':
src.c:(.text+0x46): undefined reference to `pthread_create'
/usr/bin/ld: src.c:(.text+0x52): undefined reference to `pthread_detach'
/usr/bin/ld: src.c:(.text+0x63): undefined reference to `pthread_join'
collect2: error: ld returned 1 exit status
ninja: build stopped: subcommand failed.


Source file was:
#include <pthread.h>

void* test_func(void* data)
{
  return data;
}

int main(void)
{
  pthread_t thread;
  pthread_create(&thread, NULL, test_func, NULL);
  pthread_detach(thread);
  pthread_join(thread, NULL);
  pthread_atfork(NULL, NULL, NULL);
  pthread_exit(NULL);

  return 0;
}

Determining if the function pthread_create exists in the pthreads failed with the following output:
Change Dir: /home/joyce/workplace/rm/2022/KCf/build/CMakeFiles/CMakeTmp

Run Build Command(s):/usr/bin/ninja cmTC_66a50 && [1/2] Building C object CMakeFiles/cmTC_66a50.dir/CheckFunctionExists.c.o
[2/2] Linking C executable cmTC_66a50
FAILED: cmTC_66a50 
: && /bin/x86_64-linux-gnu-gcc-9 -fPIC -DCHECK_FUNCTION_EXISTS=pthread_create   CMakeFiles/cmTC_66a50.dir/CheckFunctionExists.c.o  -o cmTC_66a50  -lpthreads && :
/usr/bin/ld: 找不到 -lpthreads
collect2: error: ld returned 1 exit status
ninja: build stopped: subcommand failed.



